# JRE version: Java(TM) SE Runtime Environment (7.0_67-b01) (build 1.7.0_67-b01)
# Java VM: Java HotSpot(TM) 64-Bit Server VM (24.65-b04 mixed mode windows-amd64 compressed oops)
Heap
 PSYoungGen      total 38400K, used 25111K [0x00000007d5e00000, 0x00000007d8880000, 0x0000000800000000)
  eden space 33280K, 65% used [0x00000007d5e00000,0x00000007d7321660,0x00000007d7e80000)
  from space 5120K, 67% used [0x00000007d8380000,0x00000007d86e4630,0x00000007d8880000)
  to   space 5120K, 0% used [0x00000007d7e80000,0x00000007d7e80000,0x00000007d8380000)
 ParOldGen       total 86016K, used 0K [0x0000000781a00000, 0x0000000786e00000, 0x00000007d5e00000)
  object space 86016K, 0% used [0x0000000781a00000,0x0000000781a00000,0x0000000786e00000)
 PSPermGen       total 21504K, used 13646K [0x000000077c800000, 0x000000077dd00000, 0x0000000781a00000)
  object space 21504K, 63% used [0x000000077c800000,0x000000077d553848,0x000000077dd00000)
GC Heap History (4 events):
Event: 2.114 GC heap before
{Heap before GC invocations=1 (full 0):
 PSYoungGen      total 38400K, used 33280K [0x00000007d5e00000, 0x00000007d8880000, 0x0000000800000000)
  eden space 33280K, 100% used [0x00000007d5e00000,0x00000007d7e80000,0x00000007d7e80000)
  from space 5120K, 0% used [0x00000007d8380000,0x00000007d8380000,0x00000007d8880000)
  to   space 5120K, 0% used [0x00000007d7e80000,0x00000007d7e80000,0x00000007d8380000)
 ParOldGen       total 86016K, used 0K [0x0000000781a00000, 0x0000000786e00000, 0x00000007d5e00000)
  object space 86016K, 0% used [0x0000000781a00000,0x0000000781a00000,0x0000000786e00000)
 PSPermGen       total 21504K, used 7734K [0x000000077c800000, 0x000000077dd00000, 0x0000000781a00000)
  object space 21504K, 35% used [0x000000077c800000,0x000000077cf8db48,0x000000077dd00000)
Event: 2.133 GC heap after
Heap after GC invocations=1 (full 0):
 PSYoungGen      total 38400K, used 3791K [0x00000007d5e00000, 0x00000007d8880000, 0x0000000800000000)
  eden space 33280K, 0% used [0x00000007d5e00000,0x00000007d5e00000,0x00000007d7e80000)
  from space 5120K, 74% used [0x00000007d7e80000,0x00000007d8233d70,0x00000007d8380000)
  to   space 5120K, 0% used [0x00000007d8380000,0x00000007d8380000,0x00000007d8880000)
 ParOldGen       total 86016K, used 0K [0x0000000781a00000, 0x0000000786e00000, 0x00000007d5e00000)
  object space 86016K, 0% used [0x0000000781a00000,0x0000000781a00000,0x0000000786e00000)
 PSPermGen       total 21504K, used 7734K [0x000000077c800000, 0x000000077dd00000, 0x0000000781a00000)
  object space 21504K, 35% used [0x000000077c800000,0x000000077cf8db48,0x000000077dd00000)
}
Event: 589.177 GC heap before
{Heap before GC invocations=2 (full 0):
 PSYoungGen      total 38400K, used 37071K [0x00000007d5e00000, 0x00000007d8880000, 0x0000000800000000)
  eden space 33280K, 100% used [0x00000007d5e00000,0x00000007d7e80000,0x00000007d7e80000)
  from space 5120K, 74% used [0x00000007d7e80000,0x00000007d8233d70,0x00000007d8380000)
  to   space 5120K, 0% used [0x00000007d8380000,0x00000007d8380000,0x00000007d8880000)
 ParOldGen       total 86016K, used 0K [0x0000000781a00000, 0x0000000786e00000, 0x00000007d5e00000)
  object space 86016K, 0% used [0x0000000781a00000,0x0000000781a00000,0x0000000786e00000)
 PSPermGen       total 21504K, used 11060K [0x000000077c800000, 0x000000077dd00000, 0x0000000781a00000)
  object space 21504K, 51% used [0x000000077c800000,0x000000077d2cd1e0,0x000000077dd00000)
Event: 589.181 GC heap after
Heap after GC invocations=2 (full 0):
 PSYoungGen      total 38400K, used 3473K [0x00000007d5e00000, 0x00000007d8880000, 0x0000000800000000)
  eden space 33280K, 0% used [0x00000007d5e00000,0x00000007d5e00000,0x00000007d7e80000)
  from space 5120K, 67% used [0x00000007d8380000,0x00000007d86e4630,0x00000007d8880000)
  to   space 5120K, 0% used [0x00000007d7e80000,0x00000007d7e80000,0x00000007d8380000)
 ParOldGen       total 86016K, used 0K [0x0000000781a00000, 0x0000000786e00000, 0x00000007d5e00000)
  object space 86016K, 0% used [0x0000000781a00000,0x0000000781a00000,0x0000000786e00000)
 PSPermGen       total 21504K, used 11060K [0x000000077c800000, 0x000000077dd00000, 0x0000000781a00000)
  object space 21504K, 51% used [0x000000077c800000,0x000000077d2cd1e0,0x000000077dd00000)
}

